
> corolla-detailing-backend@1.0.0 dev
> tsx watch src/index.ts

Server running on http://localhost:3000
12:08:58 am [tsx] change in ./src\index.ts Restarting...
c12:09:10 am [tsx] change in ./src\db\seed.ts Rerunning...
cSeeding products...
Seeding products...
Done. 0 products inserted, 26 already existed.
15 products have a Bowden's URL.
Done. 0 products inserted, 26 already existed.
15 products have a Bowden's URL.
Server running on port 3000
12:09:33 am [tsx] change in ./src\db\seed.ts Restarting...
cSeeding products...
Done. 0 products inserted, 26 already existed.
15 products have a Bowden's URL.
Server running on port 3000
12:26:34 am [tsx] change in ./src\index.ts Restarting...
cSeeding products...
Done. 0 products inserted, 26 already existed.
15 products have a Bowden's URL.
Server running on port 3000
